#
# There is insufficient memory for the Java Runtime Environment to continue.
# Native memory allocation (malloc) failed to allocate 9168 bytes for AllocateHeap
# Possible reasons:
#   The system is out of physical RAM or swap space
#   In 32 bit mode, the process size limit was hit
# Possible solutions:
#   Reduce memory load on the system
#   Increase physical memory or swap space
#   Check if swap backing store is full
#   Use 64 bit Java on a 64 bit OS
#   Decrease Java heap size (-Xmx/-Xms)
#   Decrease number of Java threads
#   Decrease Java thread stack sizes (-Xss)
#   Set larger code cache with -XX:ReservedCodeCacheSize=
# This output file may be truncated or incomplete.
#
#  Out of Memory Error (memory/allocation.inline.hpp:61), pid=7232, tid=0x0000000000001624
#
# JRE version: Java(TM) SE Runtime Environment (8.0_131-b11) (build 1.8.0_131-b11)
# Java VM: Java HotSpot(TM) 64-Bit Server VM (25.131-b11 mixed mode windows-amd64 compressed oops)
# Failed to write core dump. Minidumps are not enabled by default on client versions of Windows
#

---------------  T H R E A D  ---------------

Current thread (0x0000000056c56000):  JavaThread "C1 CompilerThread2" daemon [_thread_in_vm, id=5668, stack(0x00000000577d0000,0x00000000578d0000)]

Stack: [0x00000000577d0000,0x00000000578d0000]
[error occurred during error reporting (printing stack bounds), id 0xc0000005]

Native frames: (J=compiled Java code, j=interpreted, Vv=VM code, C=native code)


Current CompileTask:
C1:   8051 2521       1       sun.misc.ProxyGenerator$ProxyMethod::generateMethod (733 bytes)


---------------  P R O C E S S  ---------------

Java Threads: ( => current thread )
  0x0000000056cc4000 JavaThread "Service Thread" daemon [_thread_blocked, id=7928, stack(0x0000000057a60000,0x0000000057b60000)]
=>0x0000000056c56000 JavaThread "C1 CompilerThread2" daemon [_thread_in_vm, id=5668, stack(0x00000000577d0000,0x00000000578d0000)]
  0x0000000056c4f000 JavaThread "C2 CompilerThread1" daemon [_thread_blocked, id=4932, stack(0x0000000057620000,0x0000000057720000)]
  0x0000000056c4e000 JavaThread "C2 CompilerThread0" daemon [_thread_blocked, id=8084, stack(0x0000000057480000,0x0000000057580000)]
  0x0000000056c4c800 JavaThread "Monitor Ctrl-Break" daemon [_thread_in_native, id=1860, stack(0x0000000057320000,0x0000000057420000)]
  0x00000000550cf000 JavaThread "Attach Listener" daemon [_thread_blocked, id=6880, stack(0x00000000568f0000,0x00000000569f0000)]
  0x00000000550c6800 JavaThread "Signal Dispatcher" daemon [_thread_blocked, id=5192, stack(0x0000000056720000,0x0000000056820000)]
  0x00000000550b1800 JavaThread "Finalizer" daemon [_thread_blocked, id=4148, stack(0x0000000056070000,0x0000000056170000)]
  0x000000005506a800 JavaThread "Reference Handler" daemon [_thread_blocked, id=7644, stack(0x0000000056220000,0x0000000056320000)]
  0x00000000022ea000 JavaThread "main" [_thread_blocked, id=2724, stack(0x0000000002410000,0x0000000002510000)]

Other Threads:
  0x0000000055063000 VMThread [stack: 0x0000000055f50000,0x0000000056050000] [id=7236]
  0x0000000056cc8800 WatcherThread [stack: 0x0000000057be0000,0x0000000057ce0000] [id=8100]

VM state:not at safepoint (normal execution)

VM Mutex/Monitor currently owned by a thread:  ([mutex/lock_event])
[0x00000000023ceee0] CodeCache_lock - owner thread: 0x0000000056c56000
[0x00000000022e9400] Compile_lock - owner thread: 0x0000000056c56000
[0x00000000022e9500] MethodCompileQueue_lock - owner thread: 0x0000000056c56000

Heap:
 PSYoungGen      total 37888K, used 34009K [0x00000000eb400000, 0x00000000eed00000, 0x0000000100000000)
  eden space 32256K, 98% used [0x00000000eb400000,0x00000000ed2ea918,0x00000000ed380000)
  from space 5632K, 41% used [0x00000000ed380000,0x00000000ed5cbe78,0x00000000ed900000)
  to   space 5632K, 0% used [0x00000000ee780000,0x00000000ee780000,0x00000000eed00000)
 ParOldGen       total 28160K, used 7413K [0x00000000c1c00000, 0x00000000c3780000, 0x00000000eb400000)
  object space 28160K, 26% used [0x00000000c1c00000,0x00000000c233d478,0x00000000c3780000)
 Metaspace       used 23939K, capacity 24958K, committed 25088K, reserved 1071104K
  class space    used 3243K, capacity 3469K, committed 3584K, reserved 1048576K

Card table byte_map: [0x0000000011b70000,0x0000000011d70000] byte_map_base: 0x0000000011562000

Marking Bits: (ParMarkBitMap*) 0x000000006d32c720
 Begin Bits: [0x00000000125b0000, 0x0000000013540000)
 End Bits:   [0x0000000013540000, 0x00000000144d0000)

Polling page: 0x0000000001e60000

CodeCache: size=245760Kb used=5476Kb max_used=5476Kb free=240283Kb
 bounds [0x00000000027b0000, 0x0000000002d10000, 0x00000000117b0000]
 total_blobs=2917 nmethods=2513 adapters=315
 compilation: enabled

Compilation events (10 events):
Event: 7.958 Thread 0x0000000056c56000 nmethod 2514 0x0000000002d00690 code [0x0000000002d00860, 0x0000000002d00be8]
Event: 7.958 Thread 0x0000000056c56000 2513       1       org.springframework.core.annotation.AnnotationAttributes::assertAttributePresence (12 bytes)
Event: 7.958 Thread 0x0000000056c56000 nmethod 2513 0x0000000002d00dd0 code [0x0000000002d00fa0, 0x0000000002d015d8]
Event: 7.958 Thread 0x0000000056c56000 2515       1       org.springframework.core.type.classreading.MethodMetadataReadingVisitor::getMethodName (5 bytes)
Event: 7.959 Thread 0x0000000056c56000 nmethod 2515 0x0000000002d01ed0 code [0x0000000002d02020, 0x0000000002d02130]
Event: 7.961 Thread 0x0000000056c56000 2516       1       org.springframework.beans.factory.support.AbstractBeanDefinition::getRole (5 bytes)
Event: 7.961 Thread 0x0000000056c56000 nmethod 2516 0x0000000002d02190 code [0x0000000002d022e0, 0x0000000002d023f0]
Event: 7.978 Thread 0x0000000056c56000 2517       1       org.springframework.beans.factory.support.DefaultListableBeanFactory::getBeanDefinition (78 bytes)
Event: 7.979 Thread 0x0000000056c56000 nmethod 2517 0x0000000002d02450 code [0x0000000002d02640, 0x0000000002d02b38]
Event: 7.979 Thread 0x0000000056c56000 2521       1       sun.misc.ProxyGenerator$ProxyMethod::generateMethod (733 bytes)

GC Heap History (10 events):
Event: 4.598 GC heap before
{Heap before GC invocations=8 (full 0):
 PSYoungGen      total 37888K, used 37271K [0x00000000eb400000, 0x00000000ede00000, 0x0000000100000000)
  eden space 32768K, 100% used [0x00000000eb400000,0x00000000ed400000,0x00000000ed400000)
  from space 5120K, 87% used [0x00000000ed400000,0x00000000ed865e10,0x00000000ed900000)
  to   space 5120K, 0% used [0x00000000ed900000,0x00000000ed900000,0x00000000ede00000)
 ParOldGen       total 44032K, used 5908K [0x00000000c1c00000, 0x00000000c4700000, 0x00000000eb400000)
  object space 44032K, 13% used [0x00000000c1c00000,0x00000000c21c5278,0x00000000c4700000)
 Metaspace       used 19541K, capacity 20210K, committed 20480K, reserved 1067008K
  class space    used 2566K, capacity 2741K, committed 2816K, reserved 1048576K
Event: 4.603 GC heap after
Heap after GC invocations=8 (full 0):
 PSYoungGen      total 37888K, used 4315K [0x00000000eb400000, 0x00000000ede00000, 0x0000000100000000)
  eden space 32768K, 0% used [0x00000000eb400000,0x00000000eb400000,0x00000000ed400000)
  from space 5120K, 84% used [0x00000000ed900000,0x00000000edd36fb0,0x00000000ede00000)
  to   space 5120K, 0% used [0x00000000ed400000,0x00000000ed400000,0x00000000ed900000)
 ParOldGen       total 44032K, used 6657K [0x00000000c1c00000, 0x00000000c4700000, 0x00000000eb400000)
  object space 44032K, 15% used [0x00000000c1c00000,0x00000000c2280450,0x00000000c4700000)
 Metaspace       used 19541K, capacity 20210K, committed 20480K, reserved 1067008K
  class space    used 2566K, capacity 2741K, committed 2816K, reserved 1048576K
}
Event: 5.050 GC heap before
{Heap before GC invocations=9 (full 0):
 PSYoungGen      total 37888K, used 19655K [0x00000000eb400000, 0x00000000ede00000, 0x0000000100000000)
  eden space 32768K, 46% used [0x00000000eb400000,0x00000000ec2faf58,0x00000000ed400000)
  from space 5120K, 84% used [0x00000000ed900000,0x00000000edd36fb0,0x00000000ede00000)
  to   space 5120K, 0% used [0x00000000ed400000,0x00000000ed400000,0x00000000ed900000)
 ParOldGen       total 44032K, used 6657K [0x00000000c1c00000, 0x00000000c4700000, 0x00000000eb400000)
  object space 44032K, 15% used [0x00000000c1c00000,0x00000000c2280450,0x00000000c4700000)
 Metaspace       used 20497K, capacity 21210K, committed 21296K, reserved 1067008K
  class space    used 2703K, capacity 2877K, committed 2944K, reserved 1048576K
Event: 5.056 GC heap after
Heap after GC invocations=9 (full 0):
 PSYoungGen      total 37888K, used 2612K [0x00000000eb400000, 0x00000000ede00000, 0x0000000100000000)
  eden space 32768K, 0% used [0x00000000eb400000,0x00000000eb400000,0x00000000ed400000)
  from space 5120K, 51% used [0x00000000ed400000,0x00000000ed68d340,0x00000000ed900000)
  to   space 5120K, 0% used [0x00000000ed900000,0x00000000ed900000,0x00000000ede00000)
 ParOldGen       total 44032K, used 7273K [0x00000000c1c00000, 0x00000000c4700000, 0x00000000eb400000)
  object space 44032K, 16% used [0x00000000c1c00000,0x00000000c231a460,0x00000000c4700000)
 Metaspace       used 20497K, capacity 21210K, committed 21296K, reserved 1067008K
  class space    used 2703K, capacity 2877K, committed 2944K, reserved 1048576K
}
Event: 5.056 GC heap before
{Heap before GC invocations=10 (full 1):
 PSYoungGen      total 37888K, used 2612K [0x00000000eb400000, 0x00000000ede00000, 0x0000000100000000)
  eden space 32768K, 0% used [0x00000000eb400000,0x00000000eb400000,0x00000000ed400000)
  from space 5120K, 51% used [0x00000000ed400000,0x00000000ed68d340,0x00000000ed900000)
  to   space 5120K, 0% used [0x00000000ed900000,0x00000000ed900000,0x00000000ede00000)
 ParOldGen       total 44032K, used 7273K [0x00000000c1c00000, 0x00000000c4700000, 0x00000000eb400000)
  object space 44032K, 16% used [0x00000000c1c00000,0x00000000c231a460,0x00000000c4700000)
 Metaspace       used 20497K, capacity 21210K, committed 21296K, reserved 1067008K
  class space    used 2703K, capacity 2877K, committed 2944K, reserved 1048576K
Event: 5.100 GC heap after
Heap after GC invocations=10 (full 1):
 PSYoungGen      total 37888K, used 0K [0x00000000eb400000, 0x00000000ede00000, 0x0000000100000000)
  eden space 32768K, 0% used [0x00000000eb400000,0x00000000eb400000,0x00000000ed400000)
  from space 5120K, 0% used [0x00000000ed400000,0x00000000ed400000,0x00000000ed900000)
  to   space 5120K, 0% used [0x00000000ed900000,0x00000000ed900000,0x00000000ede00000)
 ParOldGen       total 28160K, used 6269K [0x00000000c1c00000, 0x00000000c3780000, 0x00000000eb400000)
  object space 28160K, 22% used [0x00000000c1c00000,0x00000000c221f478,0x00000000c3780000)
 Metaspace       used 20497K, capacity 21210K, committed 21296K, reserved 1067008K
  class space    used 2703K, capacity 2877K, committed 2944K, reserved 1048576K
}
Event: 5.778 GC heap before
{Heap before GC invocations=11 (full 1):
 PSYoungGen      total 37888K, used 32768K [0x00000000eb400000, 0x00000000ede00000, 0x0000000100000000)
  eden space 32768K, 100% used [0x00000000eb400000,0x00000000ed400000,0x00000000ed400000)
  from space 5120K, 0% used [0x00000000ed400000,0x00000000ed400000,0x00000000ed900000)
  to   space 5120K, 0% used [0x00000000ed900000,0x00000000ed900000,0x00000000ede00000)
 ParOldGen       total 28160K, used 6269K [0x00000000c1c00000, 0x00000000c3780000, 0x00000000eb400000)
  object space 28160K, 22% used [0x00000000c1c00000,0x00000000c221f478,0x00000000c3780000)
 Metaspace       used 21997K, capacity 22882K, committed 22912K, reserved 1069056K
  class space    used 2962K, capacity 3175K, committed 3200K, reserved 1048576K
Event: 5.781 GC heap after
Heap after GC invocations=11 (full 1):
 PSYoungGen      total 37376K, used 2162K [0x00000000eb400000, 0x00000000eee80000, 0x0000000100000000)
  eden space 32256K, 0% used [0x00000000eb400000,0x00000000eb400000,0x00000000ed380000)
  from space 5120K, 42% used [0x00000000ed900000,0x00000000edb1c8b8,0x00000000ede00000)
  to   space 5632K, 0% used [0x00000000ed380000,0x00000000ed380000,0x00000000ed900000)
 ParOldGen       total 28160K, used 6269K [0x00000000c1c00000, 0x00000000c3780000, 0x00000000eb400000)
  object space 28160K, 22% used [0x00000000c1c00000,0x00000000c221f478,0x00000000c3780000)
 Metaspace       used 21997K, capacity 22882K, committed 22912K, reserved 1069056K
  class space    used 2962K, capacity 3175K, committed 3200K, reserved 1048576K
}
Event: 7.586 GC heap before
{Heap before GC invocations=12 (full 1):
 PSYoungGen      total 37376K, used 34418K [0x00000000eb400000, 0x00000000eee80000, 0x0000000100000000)
  eden space 32256K, 100% used [0x00000000eb400000,0x00000000ed380000,0x00000000ed380000)
  from space 5120K, 42% used [0x00000000ed900000,0x00000000edb1c8b8,0x00000000ede00000)
  to   space 5632K, 0% used [0x00000000ed380000,0x00000000ed380000,0x00000000ed900000)
 ParOldGen       total 28160K, used 6269K [0x00000000c1c00000, 0x00000000c3780000, 0x00000000eb400000)
  object space 28160K, 22% used [0x00000000c1c00000,0x00000000c221f478,0x00000000c3780000)
 Metaspace       used 23062K, capacity 24042K, committed 24448K, reserved 1071104K
  class space    used 3114K, capacity 3327K, committed 3456K, reserved 1048576K
Event: 7.595 GC heap after
Heap after GC invocations=12 (full 1):
 PSYoungGen      total 37888K, used 2351K [0x00000000eb400000, 0x00000000eed00000, 0x0000000100000000)
  eden space 32256K, 0% used [0x00000000eb400000,0x00000000eb400000,0x00000000ed380000)
  from space 5632K, 41% used [0x00000000ed380000,0x00000000ed5cbe78,0x00000000ed900000)
  to   space 5632K, 0% used [0x00000000ee780000,0x00000000ee780000,0x00000000eed00000)
 ParOldGen       total 28160K, used 7413K [0x00000000c1c00000, 0x00000000c3780000, 0x00000000eb400000)
  object space 28160K, 26% used [0x00000000c1c00000,0x00000000c233d478,0x00000000c3780000)
 Metaspace       used 23062K, capacity 24042K, committed 24448K, reserved 1071104K
  class space    used 3114K, capacity 3327K, committed 3456K, reserved 1048576K
}

Deoptimization events (0 events):
No events

Internal exceptions (10 events):
Event: 5.776 Thread 0x00000000022ea000 Exception <a 'java/lang/ClassNotFoundException': org/springframework/context/ResourceLoaderAwareCustomizer> (0x00000000ed398a20) thrown at [C:\re\workspace\8-2-build-windows-amd64-cygwin\jdk8u131\8869\hotspot\src\share\vm\classfile\systemDictionary.cpp, l
Event: 5.777 Thread 0x00000000022ea000 Exception <a 'java/lang/ClassNotFoundException': org/springframework/beans/factory/BeanClassLoaderAwareCustomizer> (0x00000000ed3c4938) thrown at [C:\re\workspace\8-2-build-windows-amd64-cygwin\jdk8u131\8869\hotspot\src\share\vm\classfile\systemDictionary
Event: 5.777 Thread 0x00000000022ea000 Exception <a 'java/lang/ClassNotFoundException': org/springframework/context/EnvironmentAwareCustomizer> (0x00000000ed3eb8a0) thrown at [C:\re\workspace\8-2-build-windows-amd64-cygwin\jdk8u131\8869\hotspot\src\share\vm\classfile\systemDictionary.cpp, line
Event: 7.285 Thread 0x00000000022ea000 Exception <a 'java/lang/ArrayIndexOutOfBoundsException'> (0x00000000eb8fc948) thrown at [C:\re\workspace\8-2-build-windows-amd64-cygwin\jdk8u131\8869\hotspot\src\share\vm\runtime\sharedRuntime.cpp, line 605]
Event: 7.285 Thread 0x00000000022ea000 Exception <a 'java/lang/ArrayIndexOutOfBoundsException'> (0x00000000eb8feb10) thrown at [C:\re\workspace\8-2-build-windows-amd64-cygwin\jdk8u131\8869\hotspot\src\share\vm\runtime\sharedRuntime.cpp, line 605]
Event: 7.837 Thread 0x00000000022ea000 Exception <a 'java/lang/ArrayIndexOutOfBoundsException'> (0x00000000ec19a9e8) thrown at [C:\re\workspace\8-2-build-windows-amd64-cygwin\jdk8u131\8869\hotspot\src\share\vm\runtime\sharedRuntime.cpp, line 605]
Event: 7.838 Thread 0x00000000022ea000 Exception <a 'java/lang/ArrayIndexOutOfBoundsException'> (0x00000000ec19c0d8) thrown at [C:\re\workspace\8-2-build-windows-amd64-cygwin\jdk8u131\8869\hotspot\src\share\vm\runtime\sharedRuntime.cpp, line 605]
Event: 7.916 Thread 0x00000000022ea000 Exception <a 'java/lang/ArrayIndexOutOfBoundsException'> (0x00000000ecbc2810) thrown at [C:\re\workspace\8-2-build-windows-amd64-cygwin\jdk8u131\8869\hotspot\src\share\vm\runtime\sharedRuntime.cpp, line 605]
Event: 7.983 Thread 0x00000000022ea000 Exception <a 'java/lang/OutOfMemoryError'> (0x00000000ed2addf8) thrown at [C:\re\workspace\8-2-build-windows-amd64-cygwin\jdk8u131\8869\hotspot\src\share\vm\prims\jni.cpp, line 735]
Event: 7.983 Thread 0x00000000022ea000 Exception <a 'java/lang/OutOfMemoryError'> (0x00000000ed2addf8) thrown at [C:\re\workspace\8-2-build-windows-amd64-cygwin\jdk8u131\8869\hotspot\src\share\vm\prims\jvm.cpp, line 1394]

Events (10 events):
Event: 7.977 loading class org/springframework/web/servlet/mvc/HttpRequestHandlerAdapter
Event: 7.977 loading class org/springframework/web/servlet/mvc/HttpRequestHandlerAdapter done
Event: 7.977 loading class org/springframework/web/servlet/mvc/SimpleControllerHandlerAdapter
Event: 7.977 loading class org/springframework/web/servlet/mvc/SimpleControllerHandlerAdapter done
Event: 7.977 loading class org/springframework/web/servlet/handler/HandlerMappingIntrospector
Event: 7.978 loading class org/springframework/web/servlet/handler/HandlerMappingIntrospector done
Event: 7.982 loading class org/springframework/boot/autoconfigure/web/servlet/WebMvcAutoConfiguration$WebMvcAutoConfigurationAdapter
Event: 7.982 loading class org/springframework/boot/autoconfigure/web/servlet/WebMvcAutoConfiguration$WebMvcAutoConfigurationAdapter done
Event: 7.983 loading class org/springframework/beans/factory/CannotLoadBeanClassException
Event: 7.983 loading class org/springframework/beans/factory/CannotLoadBeanClassException done


Dynamic libraries:
0x000000013f590000 - 0x000000013f5c7000 	C:\Program Files\Java\jdk1.8.0_131\bin\java.exe
0x00000000774d0000 - 0x000000007766f000 	C:\Windows\SYSTEM32\ntdll.dll
0x00000000773b0000 - 0x00000000774cf000 	C:\Windows\system32\kernel32.dll
0x000007fefd1c0000 - 0x000007fefd22a000 	C:\Windows\system32\KERNELBASE.dll
0x000007feff6e0000 - 0x000007feff7bb000 	C:\Windows\system32\ADVAPI32.DLL
0x000007fefedb0000 - 0x000007fefee4f000 	C:\Windows\system32\msvcrt.dll
0x000007feff430000 - 0x000007feff44f000 	C:\Windows\SYSTEM32\sechost.dll
0x000007fefef30000 - 0x000007feff05d000 	C:\Windows\system32\RPCRT4.dll
0x00000000772b0000 - 0x00000000773aa000 	C:\Windows\system32\USER32.dll
0x000007fefe8e0000 - 0x000007fefe947000 	C:\Windows\system32\GDI32.dll
0x000007feff060000 - 0x000007feff06e000 	C:\Windows\system32\LPK.dll
0x000007feff160000 - 0x000007feff22b000 	C:\Windows\system32\USP10.dll
0x000007fefb7d0000 - 0x000007fefb9c4000 	C:\Windows\WinSxS\amd64_microsoft.windows.common-controls_6595b64144ccf1df_6.0.7601.18837_none_fa3b1e3d17594757\COMCTL32.dll
0x000007fefee50000 - 0x000007fefeec1000 	C:\Windows\system32\SHLWAPI.dll
0x000007fefd430000 - 0x000007fefd45e000 	C:\Windows\system32\IMM32.DLL
0x000007feff4f0000 - 0x000007feff5f9000 	C:\Windows\system32\MSCTF.dll
0x000007fefcfb0000 - 0x000007fefcfe0000 	C:\Windows\system32\nvinitx.dll
0x000007fefcfa0000 - 0x000007fefcfac000 	C:\Windows\system32\VERSION.dll
0x00000000746d0000 - 0x00000000746d6000 	C:\Program Files\NVIDIA Corporation\CoProcManager\detoured.dll
0x000007fefa120000 - 0x000007fefa158000 	C:\Program Files\NVIDIA Corporation\CoProcManager\nvd3d9wrapx.dll
0x000007fefe700000 - 0x000007fefe8d7000 	C:\Windows\system32\SETUPAPI.dll
0x000007fefd240000 - 0x000007fefd276000 	C:\Windows\system32\CFGMGR32.dll
0x000007feff600000 - 0x000007feff6da000 	C:\Windows\system32\OLEAUT32.dll
0x000007feff230000 - 0x000007feff42d000 	C:\Windows\system32\ole32.dll
0x000007fefd290000 - 0x000007fefd2aa000 	C:\Windows\system32\DEVOBJ.dll
0x000007fefa0e0000 - 0x000007fefa104000 	C:\Program Files\NVIDIA Corporation\CoProcManager\nvdxgiwrapx.dll
0x000000006d3b0000 - 0x000000006d482000 	C:\Program Files\Java\jdk1.8.0_131\jre\bin\msvcr100.dll
0x000000006cb10000 - 0x000000006d3ac000 	C:\Program Files\Java\jdk1.8.0_131\jre\bin\server\jvm.dll
0x000007fef8200000 - 0x000007fef8209000 	C:\Windows\system32\WSOCK32.dll
0x000007feff070000 - 0x000007feff0bd000 	C:\Windows\system32\WS2_32.dll
0x000007fefd8c0000 - 0x000007fefd8c8000 	C:\Windows\system32\NSI.dll
0x000007fefad40000 - 0x000007fefad7b000 	C:\Windows\system32\WINMM.dll
0x0000000077670000 - 0x0000000077677000 	C:\Windows\system32\PSAPI.DLL
0x000000006e220000 - 0x000000006e22f000 	C:\Program Files\Java\jdk1.8.0_131\jre\bin\verify.dll
0x000000006e1f0000 - 0x000000006e219000 	C:\Program Files\Java\jdk1.8.0_131\jre\bin\java.dll
0x000000006e1c0000 - 0x000000006e1e3000 	C:\Program Files\Java\jdk1.8.0_131\jre\bin\instrument.dll
0x000000006e1a0000 - 0x000000006e1b6000 	C:\Program Files\Java\jdk1.8.0_131\jre\bin\zip.dll
0x000007fefd950000 - 0x000007fefe6da000 	C:\Windows\system32\SHELL32.dll
0x000007fefd070000 - 0x000007fefd07f000 	C:\Windows\system32\profapi.dll
0x000007fef1ed0000 - 0x000007fef1eea000 	D:\tools_installs\ideaIU-Ultimate-2017.1.4\IntelliJ IDEA 2017.1.4\bin\breakgen64.dll
0x000000006e180000 - 0x000000006e19a000 	C:\Program Files\Java\jdk1.8.0_131\jre\bin\net.dll
0x000007fefc760000 - 0x000007fefc7b5000 	C:\Windows\system32\mswsock.dll
0x000007fefc750000 - 0x000007fefc757000 	C:\Windows\System32\wship6.dll
0x000007fefa900000 - 0x000007fefa927000 	C:\Windows\system32\IPHLPAPI.DLL
0x000007fefa8f0000 - 0x000007fefa8fb000 	C:\Windows\system32\WINNSI.DLL
0x000007fefa0c0000 - 0x000007fefa0d8000 	C:\Windows\system32\dhcpcsvc.DLL
0x000007fef9fa0000 - 0x000007fef9fb1000 	C:\Windows\system32\dhcpcsvc6.DLL
0x000007fefc5e0000 - 0x000007fefc63b000 	C:\Windows\system32\DNSAPI.dll
0x000007fefbf20000 - 0x000007fefbf27000 	C:\Windows\System32\wshtcpip.dll
0x000007fef6ae0000 - 0x000007fef6ae8000 	C:\Windows\system32\rasadhlp.dll
0x000007fefa1b0000 - 0x000007fefa203000 	C:\Windows\System32\fwpuclnt.dll
0x000000006e170000 - 0x000000006e17d000 	C:\Program Files\Java\jdk1.8.0_131\jre\bin\management.dll
0x000007fefae70000 - 0x000007fefae85000 	C:\Windows\system32\NLAapi.dll
0x000007fef73b0000 - 0x000007fef73c5000 	C:\Windows\system32\napinsp.dll
0x000007fef7390000 - 0x000007fef73a9000 	C:\Windows\system32\pnrpnsp.dll
0x000007fef7380000 - 0x000007fef738b000 	C:\Windows\System32\winrnr.dll
0x000007fef7370000 - 0x000007fef7380000 	C:\Windows\system32\wshbth.dll
0x000000006e0e0000 - 0x000000006e0f1000 	C:\Program Files\Java\jdk1.8.0_131\jre\bin\nio.dll

VM Arguments:
jvm_args: -XX:TieredStopAtLevel=1 -Xverify:none -Dspring.output.ansi.enabled=always -javaagent:D:\tools_installs\ideaIU-Ultimate-2017.1.4\IntelliJ IDEA 2017.1.4\lib\idea_rt.jar=49671:D:\tools_installs\ideaIU-Ultimate-2017.1.4\IntelliJ IDEA 2017.1.4\bin -Dfile.encoding=UTF-8 
java_command: com.leyou.LyItemApplication
java_class_path (initial): C:\Program Files\Java\jdk1.8.0_131\jre\lib\charsets.jar;C:\Program Files\Java\jdk1.8.0_131\jre\lib\deploy.jar;C:\Program Files\Java\jdk1.8.0_131\jre\lib\ext\access-bridge-64.jar;C:\Program Files\Java\jdk1.8.0_131\jre\lib\ext\cldrdata.jar;C:\Program Files\Java\jdk1.8.0_131\jre\lib\ext\dnsns.jar;C:\Program Files\Java\jdk1.8.0_131\jre\lib\ext\jaccess.jar;C:\Program Files\Java\jdk1.8.0_131\jre\lib\ext\jfxrt.jar;C:\Program Files\Java\jdk1.8.0_131\jre\lib\ext\localedata.jar;C:\Program Files\Java\jdk1.8.0_131\jre\lib\ext\nashorn.jar;C:\Program Files\Java\jdk1.8.0_131\jre\lib\ext\sunec.jar;C:\Program Files\Java\jdk1.8.0_131\jre\lib\ext\sunjce_provider.jar;C:\Program Files\Java\jdk1.8.0_131\jre\lib\ext\sunmscapi.jar;C:\Program Files\Java\jdk1.8.0_131\jre\lib\ext\sunpkcs11.jar;C:\Program Files\Java\jdk1.8.0_131\jre\lib\ext\zipfs.jar;C:\Program Files\Java\jdk1.8.0_131\jre\lib\javaws.jar;C:\Program Files\Java\jdk1.8.0_131\jre\lib\jce.jar;C:\Program Files\Java\jdk1.8.0_131\jre\lib\jfr.jar;C:\Program Files\Java\jdk1.8.0_131\jre\lib\jfxswt.jar;C:\Program Files\Java\jdk1.8.0_131\jre\lib\jsse.jar;C:\Program Files\Java\jdk1.8.0_131\jre\lib\management-agent.jar;C:\Program Files\Java\jdk1.8.0_131\jre\lib\plugin.jar;C:\Program Files\Java\jdk1.8.0_131\jre\lib\resources.jar;C:\Program Files\Java\jdk1.8.0_131\jre\lib\rt.jar;G:\H\dev\ideawork2\AgainJava2\leyou\ly-item\ly-item-service\target\classes;G:\H\dev\maven\maven-idea\repository\org\springframework\boot\spring-boot-starter-web\2.0.4.RELEASE\spring-boot-starter-web-2.0.4.RELEASE.jar;G:\H\dev\maven\maven-idea\repository\org\springframework\boot\spring-boot-starter\2.0.4.RELEASE\spring-boot-starter-2.0.4.RELEASE.jar;G:\H\dev\maven\maven-idea\repository\org\springframework\boot\spring-boot\2.0.4.RELEASE\spring-boot-2.0.4.RELEASE.jar;G:\H\dev\maven\maven-idea\repository\org\springframework\boot\spring-boot-autoconfigure\2.0.4.RELEASE\spring-boot-autoconfigure-2.0.4.RELEASE.jar;G:\H\dev\maven\maven-idea\reposito
Launcher Type: SUN_STANDARD

Environment Variables:
JAVA_HOME=C:\Program Files\Java\jdk1.8.0_131
CLASSPATH=.;C:\Program Files\Java\jdk1.8.0_131\lib\dt.jar;C:\Program Files\Java\jdk1.8.0_131\lib\tools.jar;
PATH=C:\Python27\;C:\Python27\Scripts;C:\ProgramData\Oracle\Java\javapath;C:\Windows\system32;C:\Windows;C:\Windows\System32\Wbem;C:\Windows\System32\WindowsPowerShell\v1.0\;C:\Program Files\Java\jdk1.8.0_131\bin;D:\tools_installs\mysql\bin;D:\tools_installs\git\Git\cmd;D:\tools_installs\node12.14.0;D:\tools_installs\maven363\apache-maven-3.6.3\bin;C:\Users\Administrator\AppData\Roaming\npm;D:\tools\node12.14.0\node_global;D:\tools_installs\VSCode\Microsoft VS Code\bin
USERNAME=Administrator
OS=Windows_NT
PROCESSOR_IDENTIFIER=Intel64 Family 6 Model 58 Stepping 9, GenuineIntel



---------------  S Y S T E M  ---------------

OS: Windows 7 , 64 bit Build 7601 (6.1.7601.24260)

CPU:total 4 (initial active 4) (2 cores per cpu, 2 threads per core) family 6 model 58 stepping 9, cmov, cx8, fxsr, mmx, sse, sse2, sse3, ssse3, sse4.1, sse4.2, popcnt, avx, aes, clmul, erms, ht, tsc, tscinvbit, tscinv

Memory: 4k page, physical 4074524k(126944k free), swap 7439536k(4976k free)

vm_info: Java HotSpot(TM) 64-Bit Server VM (25.131-b11) for windows-amd64 JRE (1.8.0_131-b11), built on Mar 15 2017 01:23:53 by "java_re" with MS VC++ 10.0 (VS2010)

time: Sat Jun 12 12:09:15 2021
elapsed time: 8 seconds (0d 0h 0m 8s)

